example/build/app/intermediates/manifest_merge_blame_file/debug/manifest-merger-blame-debug-report.txt
1<?xml version="1.0" encoding="utf-8"?>
2<manifest xmlns:android="http://schemas.android.com/apk/res/android"
3    package="io.flutter.plugins.shareexample"
4    android:versionCode="1"
5    android:versionName="1.0" >
6
7    <uses-sdk
8        android:minSdkVersion="16"
8-->src/main/AndroidManifest.xml
9        android:targetSdkVersion="29" />
9-->src/main/AndroidManifest.xml
10
11    <uses-permission android:name="android.permission.INTERNET" />
11-->src/main/AndroidManifest.xml:4:5-66
11-->src/main/AndroidManifest.xml:4:22-64
12    <uses-permission android:name="android.permission.READ_EXTERNAL_STORAGE" />
12-->[:image_picker] AndroidManifest.xml:7:5-80
12-->[:image_picker] AndroidManifest.xml:7:22-77
13    <uses-permission android:name="android.permission.WRITE_EXTERNAL_STORAGE" />
13-->[:image_picker] AndroidManifest.xml:8:5-81
13-->[:image_picker] AndroidManifest.xml:8:22-78
14
15    <application
15-->src/main/AndroidManifest.xml:6:5-18:19
16        android:name="io.flutter.app.FlutterApplication"
16-->src/main/AndroidManifest.xml:6:18-66
17        android:appComponentFactory="androidx.core.app.CoreComponentFactory"
17-->[androidx.core:core:1.3.1] AndroidManifest.xml:24:18-86
18        android:debuggable="true"
19        android:icon="@mipmap/ic_launcher"
19-->src/main/AndroidManifest.xml:6:97-131
20        android:label="share_example" >
20-->src/main/AndroidManifest.xml:6:67-96
21        <activity
21-->src/main/AndroidManifest.xml:7:9-16:20
22            android:name="io.flutter.embedding.android.FlutterActivity"
22-->src/main/AndroidManifest.xml:7:19-78
23            android:configChanges="orientation|keyboardHidden|keyboard|screenSize|locale|layoutDirection"
23-->src/main/AndroidManifest.xml:9:13-106
24            android:hardwareAccelerated="true"
24-->src/main/AndroidManifest.xml:10:13-47
25            android:theme="@android:style/Theme.Black.NoTitleBar"
25-->src/main/AndroidManifest.xml:8:13-66
26            android:windowSoftInputMode="adjustResize" >
26-->src/main/AndroidManifest.xml:11:13-55
27            <intent-filter>
27-->src/main/AndroidManifest.xml:12:13-15:29
28                <action android:name="android.intent.action.MAIN" />
28-->src/main/AndroidManifest.xml:13:17-68
28-->src/main/AndroidManifest.xml:13:25-66
29
30                <category android:name="android.intent.category.LAUNCHER" />
30-->src/main/AndroidManifest.xml:14:17-76
30-->src/main/AndroidManifest.xml:14:27-74
31            </intent-filter>
32        </activity>
33
34        <meta-data
34-->src/main/AndroidManifest.xml:17:9-71
35            android:name="flutterEmbedding"
35-->src/main/AndroidManifest.xml:17:20-51
36            android:value="2" />
36-->src/main/AndroidManifest.xml:17:52-69
37
38        <provider
38-->[:image_picker] AndroidManifest.xml:11:9-19:20
39            android:name="io.flutter.plugins.imagepicker.ImagePickerFileProvider"
39-->[:image_picker] AndroidManifest.xml:12:13-82
40            android:authorities="io.flutter.plugins.shareexample.flutter.image_provider"
40-->[:image_picker] AndroidManifest.xml:13:13-74
41            android:exported="false"
41-->[:image_picker] AndroidManifest.xml:14:13-37
42            android:grantUriPermissions="true" >
42-->[:image_picker] AndroidManifest.xml:15:13-47
43            <meta-data
43-->[:image_picker] AndroidManifest.xml:16:13-18:75
44                android:name="android.support.FILE_PROVIDER_PATHS"
44-->[:image_picker] AndroidManifest.xml:17:17-67
45                android:resource="@xml/flutter_image_picker_file_paths" />
45-->[:image_picker] AndroidManifest.xml:18:17-72
46        </provider>
47        <provider
47-->[:share] AndroidManifest.xml:8:9-16:20
48            android:name="io.flutter.plugins.share.ShareFileProvider"
48-->[:share] AndroidManifest.xml:9:13-70
49            android:authorities="io.flutter.plugins.shareexample.flutter.share_provider"
49-->[:share] AndroidManifest.xml:10:13-74
50            android:exported="false"
50-->[:share] AndroidManifest.xml:11:13-37
51            android:grantUriPermissions="true" >
51-->[:share] AndroidManifest.xml:12:13-47
52            <meta-data
52-->[:image_picker] AndroidManifest.xml:16:13-18:75
53                android:name="android.support.FILE_PROVIDER_PATHS"
53-->[:image_picker] AndroidManifest.xml:17:17-67
54                android:resource="@xml/flutter_share_file_paths" />
54-->[:image_picker] AndroidManifest.xml:18:17-72
55        </provider>
56    </application>
57
58</manifest>